2024-02-01T16:36:04.688+05:30  INFO 24880 --- [main] c.h.s.SpringRestJpaApplication           : Starting SpringRestJpaApplication using Java 17.0.9 with PID 24880 (D:\HEXAWARE\Stream Specific\sts-workspace\spring-rest-jpa\target\classes started by 91702 in D:\HEXAWARE\Stream Specific\sts-workspace\spring-rest-jpa)
2024-02-01T16:36:04.693+05:30  INFO 24880 --- [main] c.h.s.SpringRestJpaApplication           : No active profile set, falling back to 1 default profile: "default"
2024-02-01T16:36:05.770+05:30  INFO 24880 --- [main] .s.d.r.c.RepositoryConfigurationDelegate : Bootstrapping Spring Data JPA repositories in DEFAULT mode.
2024-02-01T16:36:05.861+05:30  INFO 24880 --- [main] .s.d.r.c.RepositoryConfigurationDelegate : Finished Spring Data repository scanning in 78 ms. Found 1 JPA repository interface.
2024-02-01T16:36:06.837+05:30  INFO 24880 --- [main] o.s.b.w.embedded.tomcat.TomcatWebServer  : Tomcat initialized with port(s): 8080 (http)
2024-02-01T16:36:06.853+05:30  INFO 24880 --- [main] o.apache.catalina.core.StandardService   : Starting service [Tomcat]
2024-02-01T16:36:06.854+05:30  INFO 24880 --- [main] o.apache.catalina.core.StandardEngine    : Starting Servlet engine: [Apache Tomcat/10.1.18]
2024-02-01T16:36:07.039+05:30  INFO 24880 --- [main] o.a.c.c.C.[Tomcat].[localhost].[/]       : Initializing Spring embedded WebApplicationContext
2024-02-01T16:36:07.040+05:30  INFO 24880 --- [main] w.s.c.ServletWebServerApplicationContext : Root WebApplicationContext: initialization completed in 2275 ms
2024-02-01T16:36:07.254+05:30  INFO 24880 --- [main] o.hibernate.jpa.internal.util.LogHelper  : HHH000204: Processing PersistenceUnitInfo [name: default]
2024-02-01T16:36:07.351+05:30  INFO 24880 --- [main] org.hibernate.Version                    : HHH000412: Hibernate ORM core version 6.2.20.Final
2024-02-01T16:36:07.354+05:30  INFO 24880 --- [main] org.hibernate.cfg.Environment            : HHH000406: Using bytecode reflection optimizer
2024-02-01T16:36:07.833+05:30  INFO 24880 --- [main] o.s.o.j.p.SpringPersistenceUnitInfo      : No LoadTimeWeaver setup: ignoring JPA class transformer
2024-02-01T16:36:07.874+05:30  INFO 24880 --- [main] com.zaxxer.hikari.HikariDataSource       : HikariPool-1 - Starting...
2024-02-01T16:36:08.363+05:30  INFO 24880 --- [main] com.zaxxer.hikari.pool.HikariPool        : HikariPool-1 - Added connection com.mysql.cj.jdbc.ConnectionImpl@797f97e3
2024-02-01T16:36:08.369+05:30  INFO 24880 --- [main] com.zaxxer.hikari.HikariDataSource       : HikariPool-1 - Start completed.
2024-02-01T16:36:08.470+05:30  WARN 24880 --- [main] org.hibernate.orm.deprecation            : HHH90000025: MySQL8Dialect does not need to be specified explicitly using 'hibernate.dialect' (remove the property setting and it will be selected by default)
2024-02-01T16:36:08.472+05:30  WARN 24880 --- [main] org.hibernate.orm.deprecation            : HHH90000026: MySQL8Dialect has been deprecated; use org.hibernate.dialect.MySQLDialect instead
2024-02-01T16:36:09.723+05:30  INFO 24880 --- [main] o.h.e.t.j.p.i.JtaPlatformInitiator       : HHH000489: No JTA platform available (set 'hibernate.transaction.jta.platform' to enable JTA platform integration)
2024-02-01T16:36:09.817+05:30  INFO 24880 --- [main] j.LocalContainerEntityManagerFactoryBean : Initialized JPA EntityManagerFactory for persistence unit 'default'
2024-02-01T16:36:10.191+05:30  INFO 24880 --- [main] o.s.d.j.r.query.QueryEnhancerFactory     : Hibernate is in classpath; If applicable, HQL parser will be used.
2024-02-01T16:36:11.112+05:30  WARN 24880 --- [main] JpaBaseConfiguration$JpaWebConfiguration : spring.jpa.open-in-view is enabled by default. Therefore, database queries may be performed during view rendering. Explicitly configure spring.jpa.open-in-view to disable this warning
2024-02-01T16:36:12.381+05:30  INFO 24880 --- [main] o.s.b.w.embedded.tomcat.TomcatWebServer  : Tomcat started on port(s): 8080 (http) with context path ''
2024-02-01T16:36:12.401+05:30  INFO 24880 --- [main] c.h.s.SpringRestJpaApplication           : Started SpringRestJpaApplication in 8.347 seconds (process running for 9.521)
2024-02-01T16:50:10.140+05:30  INFO 24880 --- [RMI TCP Connection(21)-127.0.0.1] inMXBeanRegistrar$SpringApplicationAdmin : Application shutdown requested.
2024-02-01T16:50:10.176+05:30  INFO 24880 --- [RMI TCP Connection(21)-127.0.0.1] o.apache.catalina.core.StandardService   : Stopping service [Tomcat]
2024-02-01T16:50:10.197+05:30  INFO 24880 --- [RMI TCP Connection(21)-127.0.0.1] j.LocalContainerEntityManagerFactoryBean : Closing JPA EntityManagerFactory for persistence unit 'default'
2024-02-01T16:50:10.204+05:30  INFO 24880 --- [RMI TCP Connection(21)-127.0.0.1] com.zaxxer.hikari.HikariDataSource       : HikariPool-1 - Shutdown initiated...
2024-02-01T16:50:10.224+05:30  INFO 24880 --- [RMI TCP Connection(21)-127.0.0.1] com.zaxxer.hikari.HikariDataSource       : HikariPool-1 - Shutdown completed.
