2024-02-01T16:53:13.720+05:30  INFO 34936 --- [main] c.h.a.AssignmentSpringRestJpaApplication : Starting AssignmentSpringRestJpaApplication using Java 17.0.9 with PID 34936 (D:\HEXAWARE\Stream Specific\sts-workspace\assignment-spring-rest-jpa\target\classes started by 91702 in D:\HEXAWARE\Stream Specific\sts-workspace\assignment-spring-rest-jpa)
2024-02-01T16:53:13.724+05:30  INFO 34936 --- [main] c.h.a.AssignmentSpringRestJpaApplication : No active profile set, falling back to 1 default profile: "default"
2024-02-01T16:53:14.647+05:30  INFO 34936 --- [main] .s.d.r.c.RepositoryConfigurationDelegate : Bootstrapping Spring Data JPA repositories in DEFAULT mode.
2024-02-01T16:53:14.721+05:30  INFO 34936 --- [main] .s.d.r.c.RepositoryConfigurationDelegate : Finished Spring Data repository scanning in 61 ms. Found 1 JPA repository interface.
2024-02-01T16:53:15.359+05:30  INFO 34936 --- [main] o.s.b.w.embedded.tomcat.TomcatWebServer  : Tomcat initialized with port(s): 8080 (http)
2024-02-01T16:53:15.370+05:30  INFO 34936 --- [main] o.apache.catalina.core.StandardService   : Starting service [Tomcat]
2024-02-01T16:53:15.371+05:30  INFO 34936 --- [main] o.apache.catalina.core.StandardEngine    : Starting Servlet engine: [Apache Tomcat/10.1.18]
2024-02-01T16:53:15.507+05:30  INFO 34936 --- [main] o.a.c.c.C.[Tomcat].[localhost].[/]       : Initializing Spring embedded WebApplicationContext
2024-02-01T16:53:15.507+05:30  INFO 34936 --- [main] w.s.c.ServletWebServerApplicationContext : Root WebApplicationContext: initialization completed in 1718 ms
2024-02-01T16:53:15.697+05:30  INFO 34936 --- [main] o.hibernate.jpa.internal.util.LogHelper  : HHH000204: Processing PersistenceUnitInfo [name: default]
2024-02-01T16:53:15.762+05:30  INFO 34936 --- [main] org.hibernate.Version                    : HHH000412: Hibernate ORM core version 6.2.20.Final
2024-02-01T16:53:15.765+05:30  INFO 34936 --- [main] org.hibernate.cfg.Environment            : HHH000406: Using bytecode reflection optimizer
2024-02-01T16:53:16.097+05:30  INFO 34936 --- [main] o.s.o.j.p.SpringPersistenceUnitInfo      : No LoadTimeWeaver setup: ignoring JPA class transformer
2024-02-01T16:53:16.132+05:30  INFO 34936 --- [main] com.zaxxer.hikari.HikariDataSource       : HikariPool-1 - Starting...
2024-02-01T16:53:16.569+05:30  INFO 34936 --- [main] com.zaxxer.hikari.pool.HikariPool        : HikariPool-1 - Added connection com.mysql.cj.jdbc.ConnectionImpl@386e9fd8
2024-02-01T16:53:16.573+05:30  INFO 34936 --- [main] com.zaxxer.hikari.HikariDataSource       : HikariPool-1 - Start completed.
2024-02-01T16:53:16.647+05:30  WARN 34936 --- [main] org.hibernate.orm.deprecation            : HHH90000025: MySQL8Dialect does not need to be specified explicitly using 'hibernate.dialect' (remove the property setting and it will be selected by default)
2024-02-01T16:53:16.648+05:30  WARN 34936 --- [main] org.hibernate.orm.deprecation            : HHH90000026: MySQL8Dialect has been deprecated; use org.hibernate.dialect.MySQLDialect instead
2024-02-01T16:53:17.851+05:30  INFO 34936 --- [main] o.h.e.t.j.p.i.JtaPlatformInitiator       : HHH000489: No JTA platform available (set 'hibernate.transaction.jta.platform' to enable JTA platform integration)
2024-02-01T16:53:17.935+05:30  INFO 34936 --- [main] j.LocalContainerEntityManagerFactoryBean : Initialized JPA EntityManagerFactory for persistence unit 'default'
2024-02-01T16:53:18.222+05:30  INFO 34936 --- [main] o.s.d.j.r.query.QueryEnhancerFactory     : Hibernate is in classpath; If applicable, HQL parser will be used.
2024-02-01T16:53:18.671+05:30  WARN 34936 --- [main] JpaBaseConfiguration$JpaWebConfiguration : spring.jpa.open-in-view is enabled by default. Therefore, database queries may be performed during view rendering. Explicitly configure spring.jpa.open-in-view to disable this warning
2024-02-01T16:53:19.104+05:30  INFO 34936 --- [main] o.s.b.w.embedded.tomcat.TomcatWebServer  : Tomcat started on port(s): 8080 (http) with context path ''
2024-02-01T16:53:19.116+05:30  INFO 34936 --- [main] c.h.a.AssignmentSpringRestJpaApplication : Started AssignmentSpringRestJpaApplication in 5.931 seconds (process running for 6.913)
2024-02-01T16:53:54.952+05:30  INFO 34936 --- [http-nio-8080-exec-2] o.a.c.c.C.[Tomcat].[localhost].[/]       : Initializing Spring DispatcherServlet 'dispatcherServlet'
2024-02-01T16:53:54.952+05:30  INFO 34936 --- [http-nio-8080-exec-2] o.s.web.servlet.DispatcherServlet        : Initializing Servlet 'dispatcherServlet'
2024-02-01T16:53:54.954+05:30  INFO 34936 --- [http-nio-8080-exec-2] o.s.web.servlet.DispatcherServlet        : Completed initialization in 2 ms
2024-02-01T16:53:55.101+05:30  WARN 34936 --- [http-nio-8080-exec-2] c.h.a.c.RestaurantRestController         : warning from controller
2024-02-01T18:03:46.218+05:30  INFO 34936 --- [RMI TCP Connection(81)-127.0.0.1] inMXBeanRegistrar$SpringApplicationAdmin : Application shutdown requested.
2024-02-01T18:03:46.530+05:30  INFO 34936 --- [RMI TCP Connection(81)-127.0.0.1] o.apache.catalina.core.StandardService   : Stopping service [Tomcat]
2024-02-01T18:03:46.549+05:30  INFO 34936 --- [RMI TCP Connection(81)-127.0.0.1] o.a.c.c.C.[Tomcat].[localhost].[/]       : Destroying Spring FrameworkServlet 'dispatcherServlet'
2024-02-01T18:03:46.670+05:30  INFO 34936 --- [RMI TCP Connection(81)-127.0.0.1] j.LocalContainerEntityManagerFactoryBean : Closing JPA EntityManagerFactory for persistence unit 'default'
2024-02-01T18:03:46.786+05:30  INFO 34936 --- [RMI TCP Connection(81)-127.0.0.1] com.zaxxer.hikari.HikariDataSource       : HikariPool-1 - Shutdown initiated...
2024-02-01T18:03:46.824+05:30  INFO 34936 --- [RMI TCP Connection(81)-127.0.0.1] com.zaxxer.hikari.HikariDataSource       : HikariPool-1 - Shutdown completed.
